2024-09-22 00:19:16 - Starting ServiceApplication using Java 17.0.12 with PID 57093 (/Users/mayankkumar/Downloads/service/build/classes/java/main started by mayankkumar in /Users/mayankkumar/Downloads/service)
2024-09-22 00:19:16 - No active profile set, falling back to 1 default profile: "default"
2024-09-22 00:19:17 - Bootstrapping Spring Data JPA repositories in DEFAULT mode.
2024-09-22 00:19:17 - Finished Spring Data repository scanning in 40 ms. Found 5 JPA repository interfaces.
2024-09-22 00:19:17 - Tomcat initialized with port 8080 (http)
2024-09-22 00:19:17 - Initializing ProtocolHandler ["http-nio-8080"]
2024-09-22 00:19:17 - Starting service [Tomcat]
2024-09-22 00:19:17 - Starting Servlet engine: [Apache Tomcat/10.1.28]
2024-09-22 00:19:17 - Initializing Spring embedded WebApplicationContext
2024-09-22 00:19:17 - Root WebApplicationContext: initialization completed in 679 ms
2024-09-22 00:19:17 - HikariPool-1 - Starting...
2024-09-22 00:19:17 - HikariPool-1 - Added connection conn0: url=jdbc:h2:mem:testdb user=SA
2024-09-22 00:19:17 - HikariPool-1 - Start completed.
2024-09-22 00:19:17 - H2 console available at '/h2-console'. Database available at 'jdbc:h2:mem:testdb'
2024-09-22 00:19:17 - HHH000204: Processing PersistenceUnitInfo [name: default]
2024-09-22 00:19:17 - HHH000412: Hibernate ORM core version 6.5.2.Final
2024-09-22 00:19:17 - HHH000026: Second-level cache disabled
2024-09-22 00:19:17 - No LoadTimeWeaver setup: ignoring JPA class transformer
2024-09-22 00:19:18 - HHH000489: No JTA platform available (set 'hibernate.transaction.jta.platform' to enable JTA platform integration)
2024-09-22 00:19:18 - Initialized JPA EntityManagerFactory for persistence unit 'default'
2024-09-22 00:19:18 - Hibernate is in classpath; If applicable, HQL parser will be used.
2024-09-22 00:19:18 - spring.jpa.open-in-view is enabled by default. Therefore, database queries may be performed during view rendering. Explicitly configure spring.jpa.open-in-view to disable this warning
2024-09-22 00:19:19 - Starting ProtocolHandler ["http-nio-8080"]
2024-09-22 00:19:19 - Tomcat started on port 8080 (http) with context path '/'
2024-09-22 00:19:19 - Started ServiceApplication in 2.603 seconds (process running for 2.848)
2024-09-22 00:19:31 - Closing JPA EntityManagerFactory for persistence unit 'default'
2024-09-22 00:19:31 - HikariPool-1 - Shutdown initiated...
2024-09-22 00:19:31 - HikariPool-1 - Shutdown completed.
2024-09-22 00:20:14 - Application run failed
java.lang.IllegalStateException: java.lang.IllegalStateException: Logback configuration error detected: 
ERROR in ch.qos.logback.core.pattern.parser.Compiler@33308786 - There is no conversion class registered for composite conversion word [clr]
ERROR in ch.qos.logback.core.pattern.parser.Compiler@33308786 - Failed to create converter for [%clr] keyword
	at org.springframework.boot.context.logging.LoggingApplicationListener.initializeSystem(LoggingApplicationListener.java:347)
	at org.springframework.boot.context.logging.LoggingApplicationListener.initialize(LoggingApplicationListener.java:298)
	at org.springframework.boot.context.logging.LoggingApplicationListener.onApplicationEnvironmentPreparedEvent(LoggingApplicationListener.java:246)
	at org.springframework.boot.context.logging.LoggingApplicationListener.onApplicationEvent(LoggingApplicationListener.java:223)
	at org.springframework.context.event.SimpleApplicationEventMulticaster.doInvokeListener(SimpleApplicationEventMulticaster.java:185)
	at org.springframework.context.event.SimpleApplicationEventMulticaster.invokeListener(SimpleApplicationEventMulticaster.java:178)
	at org.springframework.context.event.SimpleApplicationEventMulticaster.multicastEvent(SimpleApplicationEventMulticaster.java:156)
	at org.springframework.context.event.SimpleApplicationEventMulticaster.multicastEvent(SimpleApplicationEventMulticaster.java:138)
	at org.springframework.boot.context.event.EventPublishingRunListener.multicastInitialEvent(EventPublishingRunListener.java:136)
	at org.springframework.boot.context.event.EventPublishingRunListener.environmentPrepared(EventPublishingRunListener.java:81)
	at org.springframework.boot.SpringApplicationRunListeners.lambda$environmentPrepared$2(SpringApplicationRunListeners.java:64)
	at java.base/java.lang.Iterable.forEach(Iterable.java:75)
	at org.springframework.boot.SpringApplicationRunListeners.doWithListeners(SpringApplicationRunListeners.java:118)
	at org.springframework.boot.SpringApplicationRunListeners.doWithListeners(SpringApplicationRunListeners.java:112)
	at org.springframework.boot.SpringApplicationRunListeners.environmentPrepared(SpringApplicationRunListeners.java:63)
	at org.springframework.boot.SpringApplication.prepareEnvironment(SpringApplication.java:370)
	at org.springframework.boot.SpringApplication.run(SpringApplication.java:330)
	at org.springframework.boot.SpringApplication.run(SpringApplication.java:1363)
	at org.springframework.boot.SpringApplication.run(SpringApplication.java:1352)
	at com.intuit.auction.service.ServiceApplication.main(ServiceApplication.java:13)
Caused by: java.lang.IllegalStateException: Logback configuration error detected: 
ERROR in ch.qos.logback.core.pattern.parser.Compiler@33308786 - There is no conversion class registered for composite conversion word [clr]
ERROR in ch.qos.logback.core.pattern.parser.Compiler@33308786 - Failed to create converter for [%clr] keyword
	at org.springframework.boot.logging.logback.LogbackLoggingSystem.reportConfigurationErrorsIfNecessary(LogbackLoggingSystem.java:284)
	at org.springframework.boot.logging.logback.LogbackLoggingSystem.loadConfiguration(LogbackLoggingSystem.java:262)
	at org.springframework.boot.logging.AbstractLoggingSystem.initializeWithConventions(AbstractLoggingSystem.java:81)
	at org.springframework.boot.logging.AbstractLoggingSystem.initialize(AbstractLoggingSystem.java:61)
	at org.springframework.boot.logging.logback.LogbackLoggingSystem.initialize(LogbackLoggingSystem.java:193)
	at org.springframework.boot.context.logging.LoggingApplicationListener.initializeSystem(LoggingApplicationListener.java:332)
	... 19 common frames omitted
2024-09-22 00:20:38 - Application run failed
java.lang.IllegalStateException: java.lang.IllegalStateException: Logback configuration error detected: 
ERROR in ch.qos.logback.core.pattern.parser.Compiler@33308786 - There is no conversion class registered for composite conversion word [clr]
ERROR in ch.qos.logback.core.pattern.parser.Compiler@33308786 - Failed to create converter for [%clr] keyword
ERROR in ch.qos.logback.core.pattern.parser.Compiler@33308786 - There is no conversion class registered for composite conversion word [clr]
ERROR in ch.qos.logback.core.pattern.parser.Compiler@33308786 - Failed to create converter for [%clr] keyword
	at org.springframework.boot.context.logging.LoggingApplicationListener.initializeSystem(LoggingApplicationListener.java:347)
	at org.springframework.boot.context.logging.LoggingApplicationListener.initialize(LoggingApplicationListener.java:298)
	at org.springframework.boot.context.logging.LoggingApplicationListener.onApplicationEnvironmentPreparedEvent(LoggingApplicationListener.java:246)
	at org.springframework.boot.context.logging.LoggingApplicationListener.onApplicationEvent(LoggingApplicationListener.java:223)
	at org.springframework.context.event.SimpleApplicationEventMulticaster.doInvokeListener(SimpleApplicationEventMulticaster.java:185)
	at org.springframework.context.event.SimpleApplicationEventMulticaster.invokeListener(SimpleApplicationEventMulticaster.java:178)
	at org.springframework.context.event.SimpleApplicationEventMulticaster.multicastEvent(SimpleApplicationEventMulticaster.java:156)
	at org.springframework.context.event.SimpleApplicationEventMulticaster.multicastEvent(SimpleApplicationEventMulticaster.java:138)
	at org.springframework.boot.context.event.EventPublishingRunListener.multicastInitialEvent(EventPublishingRunListener.java:136)
	at org.springframework.boot.context.event.EventPublishingRunListener.environmentPrepared(EventPublishingRunListener.java:81)
	at org.springframework.boot.SpringApplicationRunListeners.lambda$environmentPrepared$2(SpringApplicationRunListeners.java:64)
	at java.base/java.lang.Iterable.forEach(Iterable.java:75)
	at org.springframework.boot.SpringApplicationRunListeners.doWithListeners(SpringApplicationRunListeners.java:118)
	at org.springframework.boot.SpringApplicationRunListeners.doWithListeners(SpringApplicationRunListeners.java:112)
	at org.springframework.boot.SpringApplicationRunListeners.environmentPrepared(SpringApplicationRunListeners.java:63)
	at org.springframework.boot.SpringApplication.prepareEnvironment(SpringApplication.java:370)
	at org.springframework.boot.SpringApplication.run(SpringApplication.java:330)
	at org.springframework.boot.SpringApplication.run(SpringApplication.java:1363)
	at org.springframework.boot.SpringApplication.run(SpringApplication.java:1352)
	at com.intuit.auction.service.ServiceApplication.main(ServiceApplication.java:13)
Caused by: java.lang.IllegalStateException: Logback configuration error detected: 
ERROR in ch.qos.logback.core.pattern.parser.Compiler@33308786 - There is no conversion class registered for composite conversion word [clr]
ERROR in ch.qos.logback.core.pattern.parser.Compiler@33308786 - Failed to create converter for [%clr] keyword
ERROR in ch.qos.logback.core.pattern.parser.Compiler@33308786 - There is no conversion class registered for composite conversion word [clr]
ERROR in ch.qos.logback.core.pattern.parser.Compiler@33308786 - Failed to create converter for [%clr] keyword
	at org.springframework.boot.logging.logback.LogbackLoggingSystem.reportConfigurationErrorsIfNecessary(LogbackLoggingSystem.java:284)
	at org.springframework.boot.logging.logback.LogbackLoggingSystem.loadConfiguration(LogbackLoggingSystem.java:262)
	at org.springframework.boot.logging.AbstractLoggingSystem.initializeWithConventions(AbstractLoggingSystem.java:81)
	at org.springframework.boot.logging.AbstractLoggingSystem.initialize(AbstractLoggingSystem.java:61)
	at org.springframework.boot.logging.logback.LogbackLoggingSystem.initialize(LogbackLoggingSystem.java:193)
	at org.springframework.boot.context.logging.LoggingApplicationListener.initializeSystem(LoggingApplicationListener.java:332)
	... 19 common frames omitted
2024-09-22 00:20:59 - Application run failed
java.lang.IllegalStateException: java.lang.IllegalStateException: Logback configuration error detected: 
ERROR in ch.qos.logback.core.pattern.parser.Compiler@33308786 - There is no conversion class registered for composite conversion word [clr]
ERROR in ch.qos.logback.core.pattern.parser.Compiler@33308786 - Failed to create converter for [%clr] keyword
	at org.springframework.boot.context.logging.LoggingApplicationListener.initializeSystem(LoggingApplicationListener.java:347)
	at org.springframework.boot.context.logging.LoggingApplicationListener.initialize(LoggingApplicationListener.java:298)
	at org.springframework.boot.context.logging.LoggingApplicationListener.onApplicationEnvironmentPreparedEvent(LoggingApplicationListener.java:246)
	at org.springframework.boot.context.logging.LoggingApplicationListener.onApplicationEvent(LoggingApplicationListener.java:223)
	at org.springframework.context.event.SimpleApplicationEventMulticaster.doInvokeListener(SimpleApplicationEventMulticaster.java:185)
	at org.springframework.context.event.SimpleApplicationEventMulticaster.invokeListener(SimpleApplicationEventMulticaster.java:178)
	at org.springframework.context.event.SimpleApplicationEventMulticaster.multicastEvent(SimpleApplicationEventMulticaster.java:156)
	at org.springframework.context.event.SimpleApplicationEventMulticaster.multicastEvent(SimpleApplicationEventMulticaster.java:138)
	at org.springframework.boot.context.event.EventPublishingRunListener.multicastInitialEvent(EventPublishingRunListener.java:136)
	at org.springframework.boot.context.event.EventPublishingRunListener.environmentPrepared(EventPublishingRunListener.java:81)
	at org.springframework.boot.SpringApplicationRunListeners.lambda$environmentPrepared$2(SpringApplicationRunListeners.java:64)
	at java.base/java.lang.Iterable.forEach(Iterable.java:75)
	at org.springframework.boot.SpringApplicationRunListeners.doWithListeners(SpringApplicationRunListeners.java:118)
	at org.springframework.boot.SpringApplicationRunListeners.doWithListeners(SpringApplicationRunListeners.java:112)
	at org.springframework.boot.SpringApplicationRunListeners.environmentPrepared(SpringApplicationRunListeners.java:63)
	at org.springframework.boot.SpringApplication.prepareEnvironment(SpringApplication.java:370)
	at org.springframework.boot.SpringApplication.run(SpringApplication.java:330)
	at org.springframework.boot.SpringApplication.run(SpringApplication.java:1363)
	at org.springframework.boot.SpringApplication.run(SpringApplication.java:1352)
	at com.intuit.auction.service.ServiceApplication.main(ServiceApplication.java:13)
Caused by: java.lang.IllegalStateException: Logback configuration error detected: 
ERROR in ch.qos.logback.core.pattern.parser.Compiler@33308786 - There is no conversion class registered for composite conversion word [clr]
ERROR in ch.qos.logback.core.pattern.parser.Compiler@33308786 - Failed to create converter for [%clr] keyword
	at org.springframework.boot.logging.logback.LogbackLoggingSystem.reportConfigurationErrorsIfNecessary(LogbackLoggingSystem.java:284)
	at org.springframework.boot.logging.logback.LogbackLoggingSystem.loadConfiguration(LogbackLoggingSystem.java:262)
	at org.springframework.boot.logging.AbstractLoggingSystem.initializeWithConventions(AbstractLoggingSystem.java:81)
	at org.springframework.boot.logging.AbstractLoggingSystem.initialize(AbstractLoggingSystem.java:61)
	at org.springframework.boot.logging.logback.LogbackLoggingSystem.initialize(LogbackLoggingSystem.java:193)
	at org.springframework.boot.context.logging.LoggingApplicationListener.initializeSystem(LoggingApplicationListener.java:332)
	... 19 common frames omitted
2024-09-22 00:21:08 - Starting ServiceApplication using Java 17.0.12 with PID 57229 (/Users/mayankkumar/Downloads/service/build/classes/java/main started by mayankkumar in /Users/mayankkumar/Downloads/service)
2024-09-22 00:21:08 - No active profile set, falling back to 1 default profile: "default"
2024-09-22 00:21:08 - Bootstrapping Spring Data JPA repositories in DEFAULT mode.
2024-09-22 00:21:08 - Finished Spring Data repository scanning in 39 ms. Found 5 JPA repository interfaces.
2024-09-22 00:21:09 - Tomcat initialized with port 8080 (http)
2024-09-22 00:21:09 - Initializing ProtocolHandler ["http-nio-8080"]
2024-09-22 00:21:09 - Starting service [Tomcat]
2024-09-22 00:21:09 - Starting Servlet engine: [Apache Tomcat/10.1.28]
2024-09-22 00:21:09 - Initializing Spring embedded WebApplicationContext
2024-09-22 00:21:09 - Root WebApplicationContext: initialization completed in 679 ms
2024-09-22 00:21:09 - HikariPool-1 - Starting...
2024-09-22 00:21:09 - HikariPool-1 - Added connection conn0: url=jdbc:h2:mem:testdb user=SA
2024-09-22 00:21:09 - HikariPool-1 - Start completed.
2024-09-22 00:21:09 - H2 console available at '/h2-console'. Database available at 'jdbc:h2:mem:testdb'
2024-09-22 00:21:09 - HHH000204: Processing PersistenceUnitInfo [name: default]
2024-09-22 00:21:09 - HHH000412: Hibernate ORM core version 6.5.2.Final
2024-09-22 00:21:09 - HHH000026: Second-level cache disabled
2024-09-22 00:21:09 - No LoadTimeWeaver setup: ignoring JPA class transformer
2024-09-22 00:21:10 - HHH000489: No JTA platform available (set 'hibernate.transaction.jta.platform' to enable JTA platform integration)
2024-09-22 00:21:10 - Initialized JPA EntityManagerFactory for persistence unit 'default'
2024-09-22 00:21:10 - Hibernate is in classpath; If applicable, HQL parser will be used.
2024-09-22 00:21:10 - spring.jpa.open-in-view is enabled by default. Therefore, database queries may be performed during view rendering. Explicitly configure spring.jpa.open-in-view to disable this warning
2024-09-22 00:21:10 - Starting ProtocolHandler ["http-nio-8080"]
2024-09-22 00:21:10 - Tomcat started on port 8080 (http) with context path '/'
2024-09-22 00:21:10 - Started ServiceApplication in 2.594 seconds (process running for 2.777)
2024-09-22 00:22:00 - Triggered closeExpiredAuctions Job at Time: 2024-09-22T00:22:00.015583
2024-09-22 00:22:22 - Closing JPA EntityManagerFactory for persistence unit 'default'
2024-09-22 00:22:22 - HikariPool-1 - Shutdown initiated...
2024-09-22 00:22:22 - HikariPool-1 - Shutdown completed.
2024-09-22 00:23:11 - ERROR - Application run failed
java.lang.IllegalStateException: java.lang.IllegalStateException: Logback configuration error detected: 
ERROR in ch.qos.logback.core.pattern.parser.Compiler@4f9a2c08 - There is no conversion class registered for composite conversion word [clr]
ERROR in ch.qos.logback.core.pattern.parser.Compiler@4f9a2c08 - Failed to create converter for [%clr] keyword
ERROR in ch.qos.logback.core.pattern.parser.Compiler@4f9a2c08 - There is no conversion class registered for composite conversion word [clr]
ERROR in ch.qos.logback.core.pattern.parser.Compiler@4f9a2c08 - Failed to create converter for [%clr] keyword
	at org.springframework.boot.context.logging.LoggingApplicationListener.initializeSystem(LoggingApplicationListener.java:347)
	at org.springframework.boot.context.logging.LoggingApplicationListener.initialize(LoggingApplicationListener.java:298)
	at org.springframework.boot.context.logging.LoggingApplicationListener.onApplicationEnvironmentPreparedEvent(LoggingApplicationListener.java:246)
	at org.springframework.boot.context.logging.LoggingApplicationListener.onApplicationEvent(LoggingApplicationListener.java:223)
	at org.springframework.context.event.SimpleApplicationEventMulticaster.doInvokeListener(SimpleApplicationEventMulticaster.java:185)
	at org.springframework.context.event.SimpleApplicationEventMulticaster.invokeListener(SimpleApplicationEventMulticaster.java:178)
	at org.springframework.context.event.SimpleApplicationEventMulticaster.multicastEvent(SimpleApplicationEventMulticaster.java:156)
	at org.springframework.context.event.SimpleApplicationEventMulticaster.multicastEvent(SimpleApplicationEventMulticaster.java:138)
	at org.springframework.boot.context.event.EventPublishingRunListener.multicastInitialEvent(EventPublishingRunListener.java:136)
	at org.springframework.boot.context.event.EventPublishingRunListener.environmentPrepared(EventPublishingRunListener.java:81)
	at org.springframework.boot.SpringApplicationRunListeners.lambda$environmentPrepared$2(SpringApplicationRunListeners.java:64)
	at java.base/java.lang.Iterable.forEach(Iterable.java:75)
	at org.springframework.boot.SpringApplicationRunListeners.doWithListeners(SpringApplicationRunListeners.java:118)
	at org.springframework.boot.SpringApplicationRunListeners.doWithListeners(SpringApplicationRunListeners.java:112)
	at org.springframework.boot.SpringApplicationRunListeners.environmentPrepared(SpringApplicationRunListeners.java:63)
	at org.springframework.boot.SpringApplication.prepareEnvironment(SpringApplication.java:370)
	at org.springframework.boot.SpringApplication.run(SpringApplication.java:330)
	at org.springframework.boot.SpringApplication.run(SpringApplication.java:1363)
	at org.springframework.boot.SpringApplication.run(SpringApplication.java:1352)
	at com.intuit.auction.service.ServiceApplication.main(ServiceApplication.java:13)
Caused by: java.lang.IllegalStateException: Logback configuration error detected: 
ERROR in ch.qos.logback.core.pattern.parser.Compiler@4f9a2c08 - There is no conversion class registered for composite conversion word [clr]
ERROR in ch.qos.logback.core.pattern.parser.Compiler@4f9a2c08 - Failed to create converter for [%clr] keyword
ERROR in ch.qos.logback.core.pattern.parser.Compiler@4f9a2c08 - There is no conversion class registered for composite conversion word [clr]
ERROR in ch.qos.logback.core.pattern.parser.Compiler@4f9a2c08 - Failed to create converter for [%clr] keyword
	at org.springframework.boot.logging.logback.LogbackLoggingSystem.reportConfigurationErrorsIfNecessary(LogbackLoggingSystem.java:284)
	at org.springframework.boot.logging.logback.LogbackLoggingSystem.loadConfiguration(LogbackLoggingSystem.java:262)
	at org.springframework.boot.logging.AbstractLoggingSystem.initializeWithConventions(AbstractLoggingSystem.java:81)
	at org.springframework.boot.logging.AbstractLoggingSystem.initialize(AbstractLoggingSystem.java:61)
	at org.springframework.boot.logging.logback.LogbackLoggingSystem.initialize(LogbackLoggingSystem.java:193)
	at org.springframework.boot.context.logging.LoggingApplicationListener.initializeSystem(LoggingApplicationListener.java:332)
	... 19 common frames omitted
2024-09-22 00:23:29 - INFO - Starting ServiceApplication using Java 17.0.12 with PID 57601 (/Users/mayankkumar/Downloads/service/build/classes/java/main started by mayankkumar in /Users/mayankkumar/Downloads/service)
2024-09-22 00:23:29 - INFO - No active profile set, falling back to 1 default profile: "default"
2024-09-22 00:23:30 - INFO - Bootstrapping Spring Data JPA repositories in DEFAULT mode.
2024-09-22 00:23:30 - INFO - Finished Spring Data repository scanning in 84 ms. Found 5 JPA repository interfaces.
2024-09-22 00:23:30 - INFO - Tomcat initialized with port 8080 (http)
2024-09-22 00:23:30 - INFO - Initializing ProtocolHandler ["http-nio-8080"]
2024-09-22 00:23:30 - INFO - Starting service [Tomcat]
2024-09-22 00:23:30 - INFO - Starting Servlet engine: [Apache Tomcat/10.1.28]
2024-09-22 00:23:30 - INFO - Initializing Spring embedded WebApplicationContext
2024-09-22 00:23:30 - INFO - Root WebApplicationContext: initialization completed in 774 ms
2024-09-22 00:23:30 - INFO - HikariPool-1 - Starting...
2024-09-22 00:23:30 - INFO - HikariPool-1 - Added connection conn0: url=jdbc:h2:mem:testdb user=SA
2024-09-22 00:23:30 - INFO - HikariPool-1 - Start completed.
2024-09-22 00:23:30 - INFO - H2 console available at '/h2-console'. Database available at 'jdbc:h2:mem:testdb'
2024-09-22 00:23:30 - INFO - HHH000204: Processing PersistenceUnitInfo [name: default]
2024-09-22 00:23:30 - INFO - HHH000412: Hibernate ORM core version 6.5.2.Final
2024-09-22 00:23:30 - INFO - HHH000026: Second-level cache disabled
2024-09-22 00:23:31 - INFO - No LoadTimeWeaver setup: ignoring JPA class transformer
2024-09-22 00:23:31 - INFO - HHH000489: No JTA platform available (set 'hibernate.transaction.jta.platform' to enable JTA platform integration)
2024-09-22 00:23:31 - INFO - Initialized JPA EntityManagerFactory for persistence unit 'default'
2024-09-22 00:23:31 - INFO - Hibernate is in classpath; If applicable, HQL parser will be used.
2024-09-22 00:23:32 - WARN - spring.jpa.open-in-view is enabled by default. Therefore, database queries may be performed during view rendering. Explicitly configure spring.jpa.open-in-view to disable this warning
2024-09-22 00:23:32 - INFO - Starting ProtocolHandler ["http-nio-8080"]
2024-09-22 00:23:32 - INFO - Tomcat started on port 8080 (http) with context path '/'
2024-09-22 00:23:32 - INFO - Started ServiceApplication in 2.729 seconds (process running for 3.0)
2024-09-22 00:24:00 - INFO - Triggered closeExpiredAuctions Job at Time: 2024-09-22T00:24:00.018115
2024-09-22 00:24:11 - INFO - Closing JPA EntityManagerFactory for persistence unit 'default'
2024-09-22 00:24:11 - INFO - HikariPool-1 - Shutdown initiated...
2024-09-22 00:24:11 - INFO - HikariPool-1 - Shutdown completed.
2024-09-22 00:24:12 - INFO - Starting ServiceApplication using Java 17.0.12 with PID 57676 (/Users/mayankkumar/Downloads/service/build/classes/java/main started by mayankkumar in /Users/mayankkumar/Downloads/service)
2024-09-22 00:24:12 - INFO - No active profile set, falling back to 1 default profile: "default"
2024-09-22 00:24:13 - INFO - Bootstrapping Spring Data JPA repositories in DEFAULT mode.
2024-09-22 00:24:13 - INFO - Finished Spring Data repository scanning in 38 ms. Found 5 JPA repository interfaces.
2024-09-22 00:24:13 - INFO - Tomcat initialized with port 8080 (http)
2024-09-22 00:24:13 - INFO - Initializing ProtocolHandler ["http-nio-8080"]
2024-09-22 00:24:13 - INFO - Starting service [Tomcat]
2024-09-22 00:24:13 - INFO - Starting Servlet engine: [Apache Tomcat/10.1.28]
2024-09-22 00:24:13 - INFO - Initializing Spring embedded WebApplicationContext
2024-09-22 00:24:13 - INFO - Root WebApplicationContext: initialization completed in 648 ms
2024-09-22 00:24:13 - INFO - HikariPool-1 - Starting...
2024-09-22 00:24:13 - INFO - HikariPool-1 - Added connection conn0: url=jdbc:h2:mem:testdb user=SA
2024-09-22 00:24:13 - INFO - HikariPool-1 - Start completed.
2024-09-22 00:24:13 - INFO - H2 console available at '/h2-console'. Database available at 'jdbc:h2:mem:testdb'
2024-09-22 00:24:13 - INFO - HHH000204: Processing PersistenceUnitInfo [name: default]
2024-09-22 00:24:13 - INFO - HHH000412: Hibernate ORM core version 6.5.2.Final
2024-09-22 00:24:13 - INFO - HHH000026: Second-level cache disabled
2024-09-22 00:24:13 - INFO - No LoadTimeWeaver setup: ignoring JPA class transformer
2024-09-22 00:24:14 - INFO - HHH000489: No JTA platform available (set 'hibernate.transaction.jta.platform' to enable JTA platform integration)
2024-09-22 00:24:14 - INFO - Initialized JPA EntityManagerFactory for persistence unit 'default'
2024-09-22 00:24:14 - INFO - Hibernate is in classpath; If applicable, HQL parser will be used.
2024-09-22 00:24:14 - WARN - spring.jpa.open-in-view is enabled by default. Therefore, database queries may be performed during view rendering. Explicitly configure spring.jpa.open-in-view to disable this warning
2024-09-22 00:24:14 - INFO - Starting ProtocolHandler ["http-nio-8080"]
2024-09-22 00:24:14 - INFO - Tomcat started on port 8080 (http) with context path '/'
2024-09-22 00:24:14 - INFO - Started ServiceApplication in 2.484 seconds (process running for 2.704)
2024-09-22 00:25:00 - INFO - Triggered closeExpiredAuctions Job at Time: 2024-09-22T00:25:00.012048
2024-09-22 00:25:10 - INFO - Closing JPA EntityManagerFactory for persistence unit 'default'
2024-09-22 00:25:10 - INFO - HikariPool-1 - Shutdown initiated...
2024-09-22 00:25:10 - INFO - HikariPool-1 - Shutdown completed.
2024-09-22 00:25:12 - INFO - Starting ServiceApplication using Java 17.0.12 with PID 57818 (/Users/mayankkumar/Downloads/service/build/classes/java/main started by mayankkumar in /Users/mayankkumar/Downloads/service)
2024-09-22 00:25:12 - INFO - No active profile set, falling back to 1 default profile: "default"
2024-09-22 00:25:12 - INFO - Bootstrapping Spring Data JPA repositories in DEFAULT mode.
2024-09-22 00:25:12 - INFO - Finished Spring Data repository scanning in 48 ms. Found 5 JPA repository interfaces.
2024-09-22 00:25:12 - INFO - Tomcat initialized with port 8080 (http)
2024-09-22 00:25:12 - INFO - Initializing ProtocolHandler ["http-nio-8080"]
2024-09-22 00:25:12 - INFO - Starting service [Tomcat]
2024-09-22 00:25:12 - INFO - Starting Servlet engine: [Apache Tomcat/10.1.28]
2024-09-22 00:25:12 - INFO - Initializing Spring embedded WebApplicationContext
2024-09-22 00:25:12 - INFO - Root WebApplicationContext: initialization completed in 665 ms
2024-09-22 00:25:12 - INFO - HikariPool-1 - Starting...
2024-09-22 00:25:12 - INFO - HikariPool-1 - Added connection conn0: url=jdbc:h2:mem:testdb user=SA
2024-09-22 00:25:12 - INFO - HikariPool-1 - Start completed.
2024-09-22 00:25:12 - INFO - H2 console available at '/h2-console'. Database available at 'jdbc:h2:mem:testdb'
2024-09-22 00:25:13 - INFO - HHH000204: Processing PersistenceUnitInfo [name: default]
2024-09-22 00:25:13 - INFO - HHH000412: Hibernate ORM core version 6.5.2.Final
2024-09-22 00:25:13 - INFO - HHH000026: Second-level cache disabled
2024-09-22 00:25:13 - INFO - No LoadTimeWeaver setup: ignoring JPA class transformer
2024-09-22 00:25:13 - INFO - HHH000489: No JTA platform available (set 'hibernate.transaction.jta.platform' to enable JTA platform integration)
2024-09-22 00:25:13 - DEBUG - create table account (account_type varchar(31) not null, username varchar(255) not null, is_logged_in boolean not null, password varchar(255), user_id varchar(255), primary key (username))
2024-09-22 00:25:13 - DEBUG - create table account (account_type varchar(31) not null, username varchar(255) not null, is_logged_in boolean not null, password varchar(255), user_id varchar(255), primary key (username))
2024-09-22 00:25:13 - DEBUG - create table app_users (user_id varchar(255) not null, email varchar(255), mobile_number varchar(255), name varchar(255), primary key (user_id))
2024-09-22 00:25:13 - DEBUG - create table app_users (user_id varchar(255) not null, email varchar(255), mobile_number varchar(255), name varchar(255), primary key (user_id))
2024-09-22 00:25:13 - DEBUG - create table auction (auction_id varchar(255) not null, auction_base_price float(53) not null, auction_status enum ('ACTIVE','CLOSED','SCHEDULED'), end_time timestamp(6), start_time timestamp(6), highest_bid_id varchar(255), product_id varchar(255), vendor_username varchar(255), winner_username varchar(255), winning_bid_id varchar(255), primary key (auction_id))
2024-09-22 00:25:13 - DEBUG - create table auction (auction_id varchar(255) not null, auction_base_price float(53) not null, auction_status enum ('ACTIVE','CLOSED','SCHEDULED'), end_time timestamp(6), start_time timestamp(6), highest_bid_id varchar(255), product_id varchar(255), vendor_username varchar(255), winner_username varchar(255), winning_bid_id varchar(255), primary key (auction_id))
2024-09-22 00:25:13 - DEBUG - create table auction_registrations (id varchar(255) not null, auction_id varchar(255), user_id varchar(255), primary key (id))
2024-09-22 00:25:13 - DEBUG - create table auction_registrations (id varchar(255) not null, auction_id varchar(255), user_id varchar(255), primary key (id))
2024-09-22 00:25:13 - DEBUG - create table bid (bid_id varchar(255) not null, amount float(53) not null, bid_time timestamp(6), auction_id varchar(255), customer_username varchar(255), primary key (bid_id))
2024-09-22 00:25:13 - DEBUG - create table bid (bid_id varchar(255) not null, amount float(53) not null, bid_time timestamp(6), auction_id varchar(255), customer_username varchar(255), primary key (bid_id))
2024-09-22 00:25:13 - DEBUG - create table product (product_id varchar(255) not null, description varchar(255), product_category enum ('ART_SUPPLIES','AUTOMOTIVE','BOOKS','CLOTHING','ELECTRONIC','FURNITURE','HANDBAGS','HOME_APPLIANCES','HOME_GOODS','KITCHENWARE','SHOES','TOOLS','TOYS','WATCHES'), product_name varchar(255), primary key (product_id))
2024-09-22 00:25:13 - DEBUG - create table product (product_id varchar(255) not null, description varchar(255), product_category enum ('ART_SUPPLIES','AUTOMOTIVE','BOOKS','CLOTHING','ELECTRONIC','FURNITURE','HANDBAGS','HOME_APPLIANCES','HOME_GOODS','KITCHENWARE','SHOES','TOOLS','TOYS','WATCHES'), product_name varchar(255), primary key (product_id))
2024-09-22 00:25:13 - DEBUG - alter table if exists account drop constraint if exists UKh6dr47em6vg85yuwt4e2roca4
2024-09-22 00:25:13 - DEBUG - alter table if exists account drop constraint if exists UKh6dr47em6vg85yuwt4e2roca4
2024-09-22 00:25:13 - DEBUG - alter table if exists account add constraint UKh6dr47em6vg85yuwt4e2roca4 unique (user_id)
2024-09-22 00:25:13 - DEBUG - alter table if exists account add constraint UKh6dr47em6vg85yuwt4e2roca4 unique (user_id)
2024-09-22 00:25:13 - DEBUG - alter table if exists app_users drop constraint if exists UK4vj92ux8a2eehds1mdvmks473
2024-09-22 00:25:13 - DEBUG - alter table if exists app_users drop constraint if exists UK4vj92ux8a2eehds1mdvmks473
2024-09-22 00:25:13 - DEBUG - alter table if exists app_users add constraint UK4vj92ux8a2eehds1mdvmks473 unique (email)
2024-09-22 00:25:13 - DEBUG - alter table if exists app_users add constraint UK4vj92ux8a2eehds1mdvmks473 unique (email)
2024-09-22 00:25:13 - DEBUG - alter table if exists auction drop constraint if exists UKa9jsmyqa1r4f1vhyp8sgs3abi
2024-09-22 00:25:13 - DEBUG - alter table if exists auction drop constraint if exists UKa9jsmyqa1r4f1vhyp8sgs3abi
2024-09-22 00:25:13 - DEBUG - alter table if exists auction add constraint UKa9jsmyqa1r4f1vhyp8sgs3abi unique (highest_bid_id)
2024-09-22 00:25:13 - DEBUG - alter table if exists auction add constraint UKa9jsmyqa1r4f1vhyp8sgs3abi unique (highest_bid_id)
2024-09-22 00:25:13 - DEBUG - alter table if exists auction drop constraint if exists UKkofsgcp79eu3d1puixs92584u
2024-09-22 00:25:13 - DEBUG - alter table if exists auction drop constraint if exists UKkofsgcp79eu3d1puixs92584u
2024-09-22 00:25:13 - DEBUG - alter table if exists auction add constraint UKkofsgcp79eu3d1puixs92584u unique (product_id)
2024-09-22 00:25:13 - DEBUG - alter table if exists auction add constraint UKkofsgcp79eu3d1puixs92584u unique (product_id)
2024-09-22 00:25:13 - DEBUG - alter table if exists auction drop constraint if exists UKbvkx7v4g5xf39cf5d6117dfra
2024-09-22 00:25:13 - DEBUG - alter table if exists auction drop constraint if exists UKbvkx7v4g5xf39cf5d6117dfra
2024-09-22 00:25:13 - DEBUG - alter table if exists auction add constraint UKbvkx7v4g5xf39cf5d6117dfra unique (winning_bid_id)
2024-09-22 00:25:13 - DEBUG - alter table if exists auction add constraint UKbvkx7v4g5xf39cf5d6117dfra unique (winning_bid_id)
2024-09-22 00:25:13 - DEBUG - alter table if exists account add constraint FK2w4m118t4qs287y1mnt5r5xli foreign key (user_id) references app_users
2024-09-22 00:25:13 - DEBUG - alter table if exists account add constraint FK2w4m118t4qs287y1mnt5r5xli foreign key (user_id) references app_users
2024-09-22 00:25:13 - DEBUG - alter table if exists auction add constraint FKde619bqva6ayk5xiea9ly34ot foreign key (highest_bid_id) references bid
2024-09-22 00:25:13 - DEBUG - alter table if exists auction add constraint FKde619bqva6ayk5xiea9ly34ot foreign key (highest_bid_id) references bid
2024-09-22 00:25:13 - DEBUG - alter table if exists auction add constraint FKik2rw5as7p6r3y92mlu2hbrrj foreign key (product_id) references product
2024-09-22 00:25:13 - DEBUG - alter table if exists auction add constraint FKik2rw5as7p6r3y92mlu2hbrrj foreign key (product_id) references product
2024-09-22 00:25:13 - DEBUG - alter table if exists auction add constraint FK2mtcu00yheu4tp8amesaadnx6 foreign key (vendor_username) references account
2024-09-22 00:25:13 - DEBUG - alter table if exists auction add constraint FK2mtcu00yheu4tp8amesaadnx6 foreign key (vendor_username) references account
2024-09-22 00:25:13 - DEBUG - alter table if exists auction add constraint FKsta5al7a1e8ac3tq40umvgayx foreign key (winner_username) references account
2024-09-22 00:25:13 - DEBUG - alter table if exists auction add constraint FKsta5al7a1e8ac3tq40umvgayx foreign key (winner_username) references account
2024-09-22 00:25:13 - DEBUG - alter table if exists auction add constraint FKdmky9jrcm4dmo1hol0bk3jn51 foreign key (winning_bid_id) references bid
2024-09-22 00:25:13 - DEBUG - alter table if exists auction add constraint FKdmky9jrcm4dmo1hol0bk3jn51 foreign key (winning_bid_id) references bid
2024-09-22 00:25:13 - DEBUG - alter table if exists auction_registrations add constraint FKc9k5m0kctk23d1awlfl0xpbot foreign key (auction_id) references auction
2024-09-22 00:25:13 - DEBUG - alter table if exists auction_registrations add constraint FKc9k5m0kctk23d1awlfl0xpbot foreign key (auction_id) references auction
2024-09-22 00:25:13 - DEBUG - alter table if exists auction_registrations add constraint FK6evfbitgtwhkpaubsev565mq8 foreign key (user_id) references account
2024-09-22 00:25:13 - DEBUG - alter table if exists auction_registrations add constraint FK6evfbitgtwhkpaubsev565mq8 foreign key (user_id) references account
2024-09-22 00:25:13 - DEBUG - alter table if exists bid add constraint FKhexc6i4j8i0tmpt8bdulp6g3g foreign key (auction_id) references auction
2024-09-22 00:25:13 - DEBUG - alter table if exists bid add constraint FKhexc6i4j8i0tmpt8bdulp6g3g foreign key (auction_id) references auction
2024-09-22 00:25:13 - DEBUG - alter table if exists bid add constraint FKtciblabkllf95aan890hkmft7 foreign key (customer_username) references account
2024-09-22 00:25:13 - DEBUG - alter table if exists bid add constraint FKtciblabkllf95aan890hkmft7 foreign key (customer_username) references account
2024-09-22 00:25:13 - INFO - Initialized JPA EntityManagerFactory for persistence unit 'default'
2024-09-22 00:25:13 - INFO - Hibernate is in classpath; If applicable, HQL parser will be used.
2024-09-22 00:25:14 - WARN - spring.jpa.open-in-view is enabled by default. Therefore, database queries may be performed during view rendering. Explicitly configure spring.jpa.open-in-view to disable this warning
2024-09-22 00:25:14 - INFO - Starting ProtocolHandler ["http-nio-8080"]
2024-09-22 00:25:14 - INFO - Tomcat started on port 8080 (http) with context path '/'
2024-09-22 00:25:14 - INFO - Started ServiceApplication in 2.447 seconds (process running for 2.656)
2024-09-22 00:26:00 - INFO - Triggered closeExpiredAuctions Job at Time: 2024-09-22T00:26:00.016137
2024-09-22 00:26:00 - DEBUG - select a1_0.auction_id,a1_0.auction_base_price,a1_0.auction_status,a1_0.end_time,a1_0.highest_bid_id,a1_0.product_id,a1_0.start_time,a1_0.vendor_username,a1_0.winner_username,a1_0.winning_bid_id from auction a1_0 where a1_0.end_time<? and a1_0.auction_status<>?
2024-09-22 00:26:00 - DEBUG - select a1_0.auction_id,a1_0.auction_base_price,a1_0.auction_status,a1_0.end_time,a1_0.highest_bid_id,a1_0.product_id,a1_0.start_time,a1_0.vendor_username,a1_0.winner_username,a1_0.winning_bid_id from auction a1_0 where a1_0.end_time<? and a1_0.auction_status<>?
2024-09-22 00:26:16 - INFO - Closing JPA EntityManagerFactory for persistence unit 'default'
2024-09-22 00:26:16 - INFO - HikariPool-1 - Shutdown initiated...
2024-09-22 00:26:16 - INFO - HikariPool-1 - Shutdown completed.
2024-09-22 00:26:18 - INFO - Starting ServiceApplication using Java 17.0.12 with PID 57927 (/Users/mayankkumar/Downloads/service/build/classes/java/main started by mayankkumar in /Users/mayankkumar/Downloads/service)
2024-09-22 00:26:18 - INFO - No active profile set, falling back to 1 default profile: "default"
2024-09-22 00:26:18 - INFO - Bootstrapping Spring Data JPA repositories in DEFAULT mode.
2024-09-22 00:26:18 - INFO - Finished Spring Data repository scanning in 46 ms. Found 5 JPA repository interfaces.
2024-09-22 00:26:18 - INFO - Tomcat initialized with port 8080 (http)
2024-09-22 00:26:18 - INFO - Initializing ProtocolHandler ["http-nio-8080"]
2024-09-22 00:26:18 - INFO - Starting service [Tomcat]
2024-09-22 00:26:18 - INFO - Starting Servlet engine: [Apache Tomcat/10.1.28]
2024-09-22 00:26:18 - INFO - Initializing Spring embedded WebApplicationContext
2024-09-22 00:26:18 - INFO - Root WebApplicationContext: initialization completed in 682 ms
2024-09-22 00:26:18 - INFO - HikariPool-1 - Starting...
2024-09-22 00:26:19 - INFO - HikariPool-1 - Added connection conn0: url=jdbc:h2:mem:testdb user=SA
2024-09-22 00:26:19 - INFO - HikariPool-1 - Start completed.
2024-09-22 00:26:19 - INFO - H2 console available at '/h2-console'. Database available at 'jdbc:h2:mem:testdb'
2024-09-22 00:26:19 - INFO - HHH000204: Processing PersistenceUnitInfo [name: default]
2024-09-22 00:26:19 - INFO - HHH000412: Hibernate ORM core version 6.5.2.Final
2024-09-22 00:26:19 - INFO - HHH000026: Second-level cache disabled
2024-09-22 00:26:19 - INFO - No LoadTimeWeaver setup: ignoring JPA class transformer
2024-09-22 00:26:19 - INFO - HHH000489: No JTA platform available (set 'hibernate.transaction.jta.platform' to enable JTA platform integration)
2024-09-22 00:26:19 - DEBUG - create table account (account_type varchar(31) not null, username varchar(255) not null, is_logged_in boolean not null, password varchar(255), user_id varchar(255), primary key (username))
2024-09-22 00:26:19 - DEBUG - create table account (account_type varchar(31) not null, username varchar(255) not null, is_logged_in boolean not null, password varchar(255), user_id varchar(255), primary key (username))
2024-09-22 00:26:19 - DEBUG - create table app_users (user_id varchar(255) not null, email varchar(255), mobile_number varchar(255), name varchar(255), primary key (user_id))
2024-09-22 00:26:19 - DEBUG - create table app_users (user_id varchar(255) not null, email varchar(255), mobile_number varchar(255), name varchar(255), primary key (user_id))
2024-09-22 00:26:19 - DEBUG - create table auction (auction_id varchar(255) not null, auction_base_price float(53) not null, auction_status enum ('ACTIVE','CLOSED','SCHEDULED'), end_time timestamp(6), start_time timestamp(6), highest_bid_id varchar(255), product_id varchar(255), vendor_username varchar(255), winner_username varchar(255), winning_bid_id varchar(255), primary key (auction_id))
2024-09-22 00:26:19 - DEBUG - create table auction (auction_id varchar(255) not null, auction_base_price float(53) not null, auction_status enum ('ACTIVE','CLOSED','SCHEDULED'), end_time timestamp(6), start_time timestamp(6), highest_bid_id varchar(255), product_id varchar(255), vendor_username varchar(255), winner_username varchar(255), winning_bid_id varchar(255), primary key (auction_id))
2024-09-22 00:26:19 - DEBUG - create table auction_registrations (id varchar(255) not null, auction_id varchar(255), user_id varchar(255), primary key (id))
2024-09-22 00:26:19 - DEBUG - create table auction_registrations (id varchar(255) not null, auction_id varchar(255), user_id varchar(255), primary key (id))
2024-09-22 00:26:19 - DEBUG - create table bid (bid_id varchar(255) not null, amount float(53) not null, bid_time timestamp(6), auction_id varchar(255), customer_username varchar(255), primary key (bid_id))
2024-09-22 00:26:19 - DEBUG - create table bid (bid_id varchar(255) not null, amount float(53) not null, bid_time timestamp(6), auction_id varchar(255), customer_username varchar(255), primary key (bid_id))
2024-09-22 00:26:19 - DEBUG - create table product (product_id varchar(255) not null, description varchar(255), product_category enum ('ART_SUPPLIES','AUTOMOTIVE','BOOKS','CLOTHING','ELECTRONIC','FURNITURE','HANDBAGS','HOME_APPLIANCES','HOME_GOODS','KITCHENWARE','SHOES','TOOLS','TOYS','WATCHES'), product_name varchar(255), primary key (product_id))
2024-09-22 00:26:19 - DEBUG - create table product (product_id varchar(255) not null, description varchar(255), product_category enum ('ART_SUPPLIES','AUTOMOTIVE','BOOKS','CLOTHING','ELECTRONIC','FURNITURE','HANDBAGS','HOME_APPLIANCES','HOME_GOODS','KITCHENWARE','SHOES','TOOLS','TOYS','WATCHES'), product_name varchar(255), primary key (product_id))
2024-09-22 00:26:19 - DEBUG - alter table if exists account drop constraint if exists UKh6dr47em6vg85yuwt4e2roca4
2024-09-22 00:26:19 - DEBUG - alter table if exists account drop constraint if exists UKh6dr47em6vg85yuwt4e2roca4
2024-09-22 00:26:19 - DEBUG - alter table if exists account add constraint UKh6dr47em6vg85yuwt4e2roca4 unique (user_id)
2024-09-22 00:26:19 - DEBUG - alter table if exists account add constraint UKh6dr47em6vg85yuwt4e2roca4 unique (user_id)
2024-09-22 00:26:19 - DEBUG - alter table if exists app_users drop constraint if exists UK4vj92ux8a2eehds1mdvmks473
2024-09-22 00:26:19 - DEBUG - alter table if exists app_users drop constraint if exists UK4vj92ux8a2eehds1mdvmks473
2024-09-22 00:26:19 - DEBUG - alter table if exists app_users add constraint UK4vj92ux8a2eehds1mdvmks473 unique (email)
2024-09-22 00:26:19 - DEBUG - alter table if exists app_users add constraint UK4vj92ux8a2eehds1mdvmks473 unique (email)
2024-09-22 00:26:19 - DEBUG - alter table if exists auction drop constraint if exists UKa9jsmyqa1r4f1vhyp8sgs3abi
2024-09-22 00:26:19 - DEBUG - alter table if exists auction drop constraint if exists UKa9jsmyqa1r4f1vhyp8sgs3abi
2024-09-22 00:26:19 - DEBUG - alter table if exists auction add constraint UKa9jsmyqa1r4f1vhyp8sgs3abi unique (highest_bid_id)
2024-09-22 00:26:19 - DEBUG - alter table if exists auction add constraint UKa9jsmyqa1r4f1vhyp8sgs3abi unique (highest_bid_id)
2024-09-22 00:26:19 - DEBUG - alter table if exists auction drop constraint if exists UKkofsgcp79eu3d1puixs92584u
2024-09-22 00:26:19 - DEBUG - alter table if exists auction drop constraint if exists UKkofsgcp79eu3d1puixs92584u
2024-09-22 00:26:19 - DEBUG - alter table if exists auction add constraint UKkofsgcp79eu3d1puixs92584u unique (product_id)
2024-09-22 00:26:19 - DEBUG - alter table if exists auction add constraint UKkofsgcp79eu3d1puixs92584u unique (product_id)
2024-09-22 00:26:19 - DEBUG - alter table if exists auction drop constraint if exists UKbvkx7v4g5xf39cf5d6117dfra
2024-09-22 00:26:19 - DEBUG - alter table if exists auction drop constraint if exists UKbvkx7v4g5xf39cf5d6117dfra
2024-09-22 00:26:19 - DEBUG - alter table if exists auction add constraint UKbvkx7v4g5xf39cf5d6117dfra unique (winning_bid_id)
2024-09-22 00:26:19 - DEBUG - alter table if exists auction add constraint UKbvkx7v4g5xf39cf5d6117dfra unique (winning_bid_id)
2024-09-22 00:26:19 - DEBUG - alter table if exists account add constraint FK2w4m118t4qs287y1mnt5r5xli foreign key (user_id) references app_users
2024-09-22 00:26:19 - DEBUG - alter table if exists account add constraint FK2w4m118t4qs287y1mnt5r5xli foreign key (user_id) references app_users
2024-09-22 00:26:19 - DEBUG - alter table if exists auction add constraint FKde619bqva6ayk5xiea9ly34ot foreign key (highest_bid_id) references bid
2024-09-22 00:26:19 - DEBUG - alter table if exists auction add constraint FKde619bqva6ayk5xiea9ly34ot foreign key (highest_bid_id) references bid
2024-09-22 00:26:19 - DEBUG - alter table if exists auction add constraint FKik2rw5as7p6r3y92mlu2hbrrj foreign key (product_id) references product
2024-09-22 00:26:19 - DEBUG - alter table if exists auction add constraint FKik2rw5as7p6r3y92mlu2hbrrj foreign key (product_id) references product
2024-09-22 00:26:19 - DEBUG - alter table if exists auction add constraint FK2mtcu00yheu4tp8amesaadnx6 foreign key (vendor_username) references account
2024-09-22 00:26:19 - DEBUG - alter table if exists auction add constraint FK2mtcu00yheu4tp8amesaadnx6 foreign key (vendor_username) references account
2024-09-22 00:26:19 - DEBUG - alter table if exists auction add constraint FKsta5al7a1e8ac3tq40umvgayx foreign key (winner_username) references account
2024-09-22 00:26:19 - DEBUG - alter table if exists auction add constraint FKsta5al7a1e8ac3tq40umvgayx foreign key (winner_username) references account
2024-09-22 00:26:19 - DEBUG - alter table if exists auction add constraint FKdmky9jrcm4dmo1hol0bk3jn51 foreign key (winning_bid_id) references bid
2024-09-22 00:26:19 - DEBUG - alter table if exists auction add constraint FKdmky9jrcm4dmo1hol0bk3jn51 foreign key (winning_bid_id) references bid
2024-09-22 00:26:19 - DEBUG - alter table if exists auction_registrations add constraint FKc9k5m0kctk23d1awlfl0xpbot foreign key (auction_id) references auction
2024-09-22 00:26:19 - DEBUG - alter table if exists auction_registrations add constraint FKc9k5m0kctk23d1awlfl0xpbot foreign key (auction_id) references auction
2024-09-22 00:26:19 - DEBUG - alter table if exists auction_registrations add constraint FK6evfbitgtwhkpaubsev565mq8 foreign key (user_id) references account
2024-09-22 00:26:19 - DEBUG - alter table if exists auction_registrations add constraint FK6evfbitgtwhkpaubsev565mq8 foreign key (user_id) references account
2024-09-22 00:26:19 - DEBUG - alter table if exists bid add constraint FKhexc6i4j8i0tmpt8bdulp6g3g foreign key (auction_id) references auction
2024-09-22 00:26:19 - DEBUG - alter table if exists bid add constraint FKhexc6i4j8i0tmpt8bdulp6g3g foreign key (auction_id) references auction
2024-09-22 00:26:19 - DEBUG - alter table if exists bid add constraint FKtciblabkllf95aan890hkmft7 foreign key (customer_username) references account
2024-09-22 00:26:19 - DEBUG - alter table if exists bid add constraint FKtciblabkllf95aan890hkmft7 foreign key (customer_username) references account
2024-09-22 00:26:19 - INFO - Initialized JPA EntityManagerFactory for persistence unit 'default'
2024-09-22 00:26:19 - INFO - Hibernate is in classpath; If applicable, HQL parser will be used.
2024-09-22 00:26:20 - WARN - spring.jpa.open-in-view is enabled by default. Therefore, database queries may be performed during view rendering. Explicitly configure spring.jpa.open-in-view to disable this warning
2024-09-22 00:26:20 - INFO - Starting ProtocolHandler ["http-nio-8080"]
2024-09-22 00:26:20 - INFO - Tomcat started on port 8080 (http) with context path '/'
2024-09-22 00:26:20 - INFO - Started ServiceApplication in 2.5 seconds (process running for 2.725)
2024-09-22 00:26:59 - INFO - Closing JPA EntityManagerFactory for persistence unit 'default'
2024-09-22 00:26:59 - INFO - HikariPool-1 - Shutdown initiated...
2024-09-22 00:26:59 - INFO - HikariPool-1 - Shutdown completed.
2024-09-22 00:27:00 - INFO - Starting ServiceApplication using Java 17.0.12 with PID 57995 (/Users/mayankkumar/Downloads/service/build/classes/java/main started by mayankkumar in /Users/mayankkumar/Downloads/service)
2024-09-22 00:27:00 - INFO - No active profile set, falling back to 1 default profile: "default"
2024-09-22 00:27:01 - INFO - Bootstrapping Spring Data JPA repositories in DEFAULT mode.
2024-09-22 00:27:01 - INFO - Finished Spring Data repository scanning in 53 ms. Found 5 JPA repository interfaces.
2024-09-22 00:27:01 - INFO - Tomcat initialized with port 8080 (http)
2024-09-22 00:27:01 - INFO - Initializing ProtocolHandler ["http-nio-8080"]
2024-09-22 00:27:01 - INFO - Starting service [Tomcat]
2024-09-22 00:27:01 - INFO - Starting Servlet engine: [Apache Tomcat/10.1.28]
2024-09-22 00:27:01 - INFO - Initializing Spring embedded WebApplicationContext
2024-09-22 00:27:01 - INFO - Root WebApplicationContext: initialization completed in 710 ms
2024-09-22 00:27:01 - INFO - HikariPool-1 - Starting...
2024-09-22 00:27:01 - INFO - HikariPool-1 - Added connection conn0: url=jdbc:h2:mem:testdb user=SA
2024-09-22 00:27:01 - INFO - HikariPool-1 - Start completed.
2024-09-22 00:27:01 - INFO - H2 console available at '/h2-console'. Database available at 'jdbc:h2:mem:testdb'
2024-09-22 00:27:01 - INFO - HHH000204: Processing PersistenceUnitInfo [name: default]
2024-09-22 00:27:01 - INFO - HHH000412: Hibernate ORM core version 6.5.2.Final
2024-09-22 00:27:01 - INFO - HHH000026: Second-level cache disabled
2024-09-22 00:27:01 - INFO - No LoadTimeWeaver setup: ignoring JPA class transformer
2024-09-22 00:27:02 - INFO - HHH000489: No JTA platform available (set 'hibernate.transaction.jta.platform' to enable JTA platform integration)
2024-09-22 00:27:02 - DEBUG - create table account (account_type varchar(31) not null, username varchar(255) not null, is_logged_in boolean not null, password varchar(255), user_id varchar(255), primary key (username))
2024-09-22 00:27:02 - DEBUG - create table account (account_type varchar(31) not null, username varchar(255) not null, is_logged_in boolean not null, password varchar(255), user_id varchar(255), primary key (username))
2024-09-22 00:27:02 - DEBUG - create table app_users (user_id varchar(255) not null, email varchar(255), mobile_number varchar(255), name varchar(255), primary key (user_id))
2024-09-22 00:27:02 - DEBUG - create table app_users (user_id varchar(255) not null, email varchar(255), mobile_number varchar(255), name varchar(255), primary key (user_id))
2024-09-22 00:27:02 - DEBUG - create table auction (auction_id varchar(255) not null, auction_base_price float(53) not null, auction_status enum ('ACTIVE','CLOSED','SCHEDULED'), end_time timestamp(6), start_time timestamp(6), highest_bid_id varchar(255), product_id varchar(255), vendor_username varchar(255), winner_username varchar(255), winning_bid_id varchar(255), primary key (auction_id))
2024-09-22 00:27:02 - DEBUG - create table auction (auction_id varchar(255) not null, auction_base_price float(53) not null, auction_status enum ('ACTIVE','CLOSED','SCHEDULED'), end_time timestamp(6), start_time timestamp(6), highest_bid_id varchar(255), product_id varchar(255), vendor_username varchar(255), winner_username varchar(255), winning_bid_id varchar(255), primary key (auction_id))
2024-09-22 00:27:02 - DEBUG - create table auction_registrations (id varchar(255) not null, auction_id varchar(255), user_id varchar(255), primary key (id))
2024-09-22 00:27:02 - DEBUG - create table auction_registrations (id varchar(255) not null, auction_id varchar(255), user_id varchar(255), primary key (id))
2024-09-22 00:27:02 - DEBUG - create table bid (bid_id varchar(255) not null, amount float(53) not null, bid_time timestamp(6), auction_id varchar(255), customer_username varchar(255), primary key (bid_id))
2024-09-22 00:27:02 - DEBUG - create table bid (bid_id varchar(255) not null, amount float(53) not null, bid_time timestamp(6), auction_id varchar(255), customer_username varchar(255), primary key (bid_id))
2024-09-22 00:27:02 - DEBUG - create table product (product_id varchar(255) not null, description varchar(255), product_category enum ('ART_SUPPLIES','AUTOMOTIVE','BOOKS','CLOTHING','ELECTRONIC','FURNITURE','HANDBAGS','HOME_APPLIANCES','HOME_GOODS','KITCHENWARE','SHOES','TOOLS','TOYS','WATCHES'), product_name varchar(255), primary key (product_id))
2024-09-22 00:27:02 - DEBUG - create table product (product_id varchar(255) not null, description varchar(255), product_category enum ('ART_SUPPLIES','AUTOMOTIVE','BOOKS','CLOTHING','ELECTRONIC','FURNITURE','HANDBAGS','HOME_APPLIANCES','HOME_GOODS','KITCHENWARE','SHOES','TOOLS','TOYS','WATCHES'), product_name varchar(255), primary key (product_id))
2024-09-22 00:27:02 - DEBUG - alter table if exists account drop constraint if exists UKh6dr47em6vg85yuwt4e2roca4
2024-09-22 00:27:02 - DEBUG - alter table if exists account drop constraint if exists UKh6dr47em6vg85yuwt4e2roca4
2024-09-22 00:27:02 - DEBUG - alter table if exists account add constraint UKh6dr47em6vg85yuwt4e2roca4 unique (user_id)
2024-09-22 00:27:02 - DEBUG - alter table if exists account add constraint UKh6dr47em6vg85yuwt4e2roca4 unique (user_id)
2024-09-22 00:27:02 - DEBUG - alter table if exists app_users drop constraint if exists UK4vj92ux8a2eehds1mdvmks473
2024-09-22 00:27:02 - DEBUG - alter table if exists app_users drop constraint if exists UK4vj92ux8a2eehds1mdvmks473
2024-09-22 00:27:02 - DEBUG - alter table if exists app_users add constraint UK4vj92ux8a2eehds1mdvmks473 unique (email)
2024-09-22 00:27:02 - DEBUG - alter table if exists app_users add constraint UK4vj92ux8a2eehds1mdvmks473 unique (email)
2024-09-22 00:27:02 - DEBUG - alter table if exists auction drop constraint if exists UKa9jsmyqa1r4f1vhyp8sgs3abi
2024-09-22 00:27:02 - DEBUG - alter table if exists auction drop constraint if exists UKa9jsmyqa1r4f1vhyp8sgs3abi
2024-09-22 00:27:02 - DEBUG - alter table if exists auction add constraint UKa9jsmyqa1r4f1vhyp8sgs3abi unique (highest_bid_id)
2024-09-22 00:27:02 - DEBUG - alter table if exists auction add constraint UKa9jsmyqa1r4f1vhyp8sgs3abi unique (highest_bid_id)
2024-09-22 00:27:02 - DEBUG - alter table if exists auction drop constraint if exists UKkofsgcp79eu3d1puixs92584u
2024-09-22 00:27:02 - DEBUG - alter table if exists auction drop constraint if exists UKkofsgcp79eu3d1puixs92584u
2024-09-22 00:27:02 - DEBUG - alter table if exists auction add constraint UKkofsgcp79eu3d1puixs92584u unique (product_id)
2024-09-22 00:27:02 - DEBUG - alter table if exists auction add constraint UKkofsgcp79eu3d1puixs92584u unique (product_id)
2024-09-22 00:27:02 - DEBUG - alter table if exists auction drop constraint if exists UKbvkx7v4g5xf39cf5d6117dfra
2024-09-22 00:27:02 - DEBUG - alter table if exists auction drop constraint if exists UKbvkx7v4g5xf39cf5d6117dfra
2024-09-22 00:27:02 - DEBUG - alter table if exists auction add constraint UKbvkx7v4g5xf39cf5d6117dfra unique (winning_bid_id)
2024-09-22 00:27:02 - DEBUG - alter table if exists auction add constraint UKbvkx7v4g5xf39cf5d6117dfra unique (winning_bid_id)
2024-09-22 00:27:02 - DEBUG - alter table if exists account add constraint FK2w4m118t4qs287y1mnt5r5xli foreign key (user_id) references app_users
2024-09-22 00:27:02 - DEBUG - alter table if exists account add constraint FK2w4m118t4qs287y1mnt5r5xli foreign key (user_id) references app_users
2024-09-22 00:27:02 - DEBUG - alter table if exists auction add constraint FKde619bqva6ayk5xiea9ly34ot foreign key (highest_bid_id) references bid
2024-09-22 00:27:02 - DEBUG - alter table if exists auction add constraint FKde619bqva6ayk5xiea9ly34ot foreign key (highest_bid_id) references bid
2024-09-22 00:27:02 - DEBUG - alter table if exists auction add constraint FKik2rw5as7p6r3y92mlu2hbrrj foreign key (product_id) references product
2024-09-22 00:27:02 - DEBUG - alter table if exists auction add constraint FKik2rw5as7p6r3y92mlu2hbrrj foreign key (product_id) references product
2024-09-22 00:27:02 - DEBUG - alter table if exists auction add constraint FK2mtcu00yheu4tp8amesaadnx6 foreign key (vendor_username) references account
2024-09-22 00:27:02 - DEBUG - alter table if exists auction add constraint FK2mtcu00yheu4tp8amesaadnx6 foreign key (vendor_username) references account
2024-09-22 00:27:02 - DEBUG - alter table if exists auction add constraint FKsta5al7a1e8ac3tq40umvgayx foreign key (winner_username) references account
2024-09-22 00:27:02 - DEBUG - alter table if exists auction add constraint FKsta5al7a1e8ac3tq40umvgayx foreign key (winner_username) references account
2024-09-22 00:27:02 - DEBUG - alter table if exists auction add constraint FKdmky9jrcm4dmo1hol0bk3jn51 foreign key (winning_bid_id) references bid
2024-09-22 00:27:02 - DEBUG - alter table if exists auction add constraint FKdmky9jrcm4dmo1hol0bk3jn51 foreign key (winning_bid_id) references bid
2024-09-22 00:27:02 - DEBUG - alter table if exists auction_registrations add constraint FKc9k5m0kctk23d1awlfl0xpbot foreign key (auction_id) references auction
2024-09-22 00:27:02 - DEBUG - alter table if exists auction_registrations add constraint FKc9k5m0kctk23d1awlfl0xpbot foreign key (auction_id) references auction
2024-09-22 00:27:02 - DEBUG - alter table if exists auction_registrations add constraint FK6evfbitgtwhkpaubsev565mq8 foreign key (user_id) references account
2024-09-22 00:27:02 - DEBUG - alter table if exists auction_registrations add constraint FK6evfbitgtwhkpaubsev565mq8 foreign key (user_id) references account
2024-09-22 00:27:02 - DEBUG - alter table if exists bid add constraint FKhexc6i4j8i0tmpt8bdulp6g3g foreign key (auction_id) references auction
2024-09-22 00:27:02 - DEBUG - alter table if exists bid add constraint FKhexc6i4j8i0tmpt8bdulp6g3g foreign key (auction_id) references auction
2024-09-22 00:27:02 - DEBUG - alter table if exists bid add constraint FKtciblabkllf95aan890hkmft7 foreign key (customer_username) references account
2024-09-22 00:27:02 - DEBUG - alter table if exists bid add constraint FKtciblabkllf95aan890hkmft7 foreign key (customer_username) references account
2024-09-22 00:27:02 - INFO - Initialized JPA EntityManagerFactory for persistence unit 'default'
2024-09-22 00:27:02 - INFO - Hibernate is in classpath; If applicable, HQL parser will be used.
2024-09-22 00:27:02 - WARN - spring.jpa.open-in-view is enabled by default. Therefore, database queries may be performed during view rendering. Explicitly configure spring.jpa.open-in-view to disable this warning
2024-09-22 00:27:02 - INFO - Starting ProtocolHandler ["http-nio-8080"]
2024-09-22 00:27:02 - INFO - Tomcat started on port 8080 (http) with context path '/'
2024-09-22 00:27:02 - INFO - Started ServiceApplication in 2.597 seconds (process running for 2.828)
2024-09-22 00:27:12 - INFO - Closing JPA EntityManagerFactory for persistence unit 'default'
2024-09-22 00:27:12 - INFO - HikariPool-1 - Shutdown initiated...
2024-09-22 00:27:12 - INFO - HikariPool-1 - Shutdown completed.
2024-09-22 00:27:13 - INFO - Starting ServiceApplication using Java 17.0.12 with PID 58011 (/Users/mayankkumar/Downloads/service/build/classes/java/main started by mayankkumar in /Users/mayankkumar/Downloads/service)
2024-09-22 00:27:13 - INFO - No active profile set, falling back to 1 default profile: "default"
2024-09-22 00:27:14 - INFO - Bootstrapping Spring Data JPA repositories in DEFAULT mode.
2024-09-22 00:27:14 - INFO - Finished Spring Data repository scanning in 56 ms. Found 5 JPA repository interfaces.
2024-09-22 00:27:14 - INFO - Tomcat initialized with port 8080 (http)
2024-09-22 00:27:14 - INFO - Initializing ProtocolHandler ["http-nio-8080"]
2024-09-22 00:27:14 - INFO - Starting service [Tomcat]
2024-09-22 00:27:14 - INFO - Starting Servlet engine: [Apache Tomcat/10.1.28]
2024-09-22 00:27:14 - INFO - Initializing Spring embedded WebApplicationContext
2024-09-22 00:27:14 - INFO - Root WebApplicationContext: initialization completed in 686 ms
2024-09-22 00:27:14 - INFO - HikariPool-1 - Starting...
2024-09-22 00:27:14 - INFO - HikariPool-1 - Added connection conn0: url=jdbc:h2:mem:testdb user=SA
2024-09-22 00:27:14 - INFO - HikariPool-1 - Start completed.
2024-09-22 00:27:14 - INFO - H2 console available at '/h2-console'. Database available at 'jdbc:h2:mem:testdb'
2024-09-22 00:27:14 - INFO - HHH000204: Processing PersistenceUnitInfo [name: default]
2024-09-22 00:27:14 - INFO - HHH000412: Hibernate ORM core version 6.5.2.Final
2024-09-22 00:27:14 - INFO - HHH000026: Second-level cache disabled
2024-09-22 00:27:14 - INFO - No LoadTimeWeaver setup: ignoring JPA class transformer
2024-09-22 00:27:15 - INFO - HHH000489: No JTA platform available (set 'hibernate.transaction.jta.platform' to enable JTA platform integration)
2024-09-22 00:27:15 - DEBUG - create table account (account_type varchar(31) not null, username varchar(255) not null, is_logged_in boolean not null, password varchar(255), user_id varchar(255), primary key (username))
2024-09-22 00:27:15 - DEBUG - create table account (account_type varchar(31) not null, username varchar(255) not null, is_logged_in boolean not null, password varchar(255), user_id varchar(255), primary key (username))
2024-09-22 00:27:15 - DEBUG - create table app_users (user_id varchar(255) not null, email varchar(255), mobile_number varchar(255), name varchar(255), primary key (user_id))
2024-09-22 00:27:15 - DEBUG - create table app_users (user_id varchar(255) not null, email varchar(255), mobile_number varchar(255), name varchar(255), primary key (user_id))
2024-09-22 00:27:15 - DEBUG - create table auction (auction_id varchar(255) not null, auction_base_price float(53) not null, auction_status enum ('ACTIVE','CLOSED','SCHEDULED'), end_time timestamp(6), start_time timestamp(6), highest_bid_id varchar(255), product_id varchar(255), vendor_username varchar(255), winner_username varchar(255), winning_bid_id varchar(255), primary key (auction_id))
2024-09-22 00:27:15 - DEBUG - create table auction (auction_id varchar(255) not null, auction_base_price float(53) not null, auction_status enum ('ACTIVE','CLOSED','SCHEDULED'), end_time timestamp(6), start_time timestamp(6), highest_bid_id varchar(255), product_id varchar(255), vendor_username varchar(255), winner_username varchar(255), winning_bid_id varchar(255), primary key (auction_id))
2024-09-22 00:27:15 - DEBUG - create table auction_registrations (id varchar(255) not null, auction_id varchar(255), user_id varchar(255), primary key (id))
2024-09-22 00:27:15 - DEBUG - create table auction_registrations (id varchar(255) not null, auction_id varchar(255), user_id varchar(255), primary key (id))
2024-09-22 00:27:15 - DEBUG - create table bid (bid_id varchar(255) not null, amount float(53) not null, bid_time timestamp(6), auction_id varchar(255), customer_username varchar(255), primary key (bid_id))
2024-09-22 00:27:15 - DEBUG - create table bid (bid_id varchar(255) not null, amount float(53) not null, bid_time timestamp(6), auction_id varchar(255), customer_username varchar(255), primary key (bid_id))
2024-09-22 00:27:15 - DEBUG - create table product (product_id varchar(255) not null, description varchar(255), product_category enum ('ART_SUPPLIES','AUTOMOTIVE','BOOKS','CLOTHING','ELECTRONIC','FURNITURE','HANDBAGS','HOME_APPLIANCES','HOME_GOODS','KITCHENWARE','SHOES','TOOLS','TOYS','WATCHES'), product_name varchar(255), primary key (product_id))
2024-09-22 00:27:15 - DEBUG - create table product (product_id varchar(255) not null, description varchar(255), product_category enum ('ART_SUPPLIES','AUTOMOTIVE','BOOKS','CLOTHING','ELECTRONIC','FURNITURE','HANDBAGS','HOME_APPLIANCES','HOME_GOODS','KITCHENWARE','SHOES','TOOLS','TOYS','WATCHES'), product_name varchar(255), primary key (product_id))
2024-09-22 00:27:15 - DEBUG - alter table if exists account drop constraint if exists UKh6dr47em6vg85yuwt4e2roca4
2024-09-22 00:27:15 - DEBUG - alter table if exists account drop constraint if exists UKh6dr47em6vg85yuwt4e2roca4
2024-09-22 00:27:15 - DEBUG - alter table if exists account add constraint UKh6dr47em6vg85yuwt4e2roca4 unique (user_id)
2024-09-22 00:27:15 - DEBUG - alter table if exists account add constraint UKh6dr47em6vg85yuwt4e2roca4 unique (user_id)
2024-09-22 00:27:15 - DEBUG - alter table if exists app_users drop constraint if exists UK4vj92ux8a2eehds1mdvmks473
2024-09-22 00:27:15 - DEBUG - alter table if exists app_users drop constraint if exists UK4vj92ux8a2eehds1mdvmks473
2024-09-22 00:27:15 - DEBUG - alter table if exists app_users add constraint UK4vj92ux8a2eehds1mdvmks473 unique (email)
2024-09-22 00:27:15 - DEBUG - alter table if exists app_users add constraint UK4vj92ux8a2eehds1mdvmks473 unique (email)
2024-09-22 00:27:15 - DEBUG - alter table if exists auction drop constraint if exists UKa9jsmyqa1r4f1vhyp8sgs3abi
2024-09-22 00:27:15 - DEBUG - alter table if exists auction drop constraint if exists UKa9jsmyqa1r4f1vhyp8sgs3abi
2024-09-22 00:27:15 - DEBUG - alter table if exists auction add constraint UKa9jsmyqa1r4f1vhyp8sgs3abi unique (highest_bid_id)
2024-09-22 00:27:15 - DEBUG - alter table if exists auction add constraint UKa9jsmyqa1r4f1vhyp8sgs3abi unique (highest_bid_id)
2024-09-22 00:27:15 - DEBUG - alter table if exists auction drop constraint if exists UKkofsgcp79eu3d1puixs92584u
2024-09-22 00:27:15 - DEBUG - alter table if exists auction drop constraint if exists UKkofsgcp79eu3d1puixs92584u
2024-09-22 00:27:15 - DEBUG - alter table if exists auction add constraint UKkofsgcp79eu3d1puixs92584u unique (product_id)
2024-09-22 00:27:15 - DEBUG - alter table if exists auction add constraint UKkofsgcp79eu3d1puixs92584u unique (product_id)
2024-09-22 00:27:15 - DEBUG - alter table if exists auction drop constraint if exists UKbvkx7v4g5xf39cf5d6117dfra
2024-09-22 00:27:15 - DEBUG - alter table if exists auction drop constraint if exists UKbvkx7v4g5xf39cf5d6117dfra
2024-09-22 00:27:15 - DEBUG - alter table if exists auction add constraint UKbvkx7v4g5xf39cf5d6117dfra unique (winning_bid_id)
2024-09-22 00:27:15 - DEBUG - alter table if exists auction add constraint UKbvkx7v4g5xf39cf5d6117dfra unique (winning_bid_id)
2024-09-22 00:27:15 - DEBUG - alter table if exists account add constraint FK2w4m118t4qs287y1mnt5r5xli foreign key (user_id) references app_users
2024-09-22 00:27:15 - DEBUG - alter table if exists account add constraint FK2w4m118t4qs287y1mnt5r5xli foreign key (user_id) references app_users
2024-09-22 00:27:15 - DEBUG - alter table if exists auction add constraint FKde619bqva6ayk5xiea9ly34ot foreign key (highest_bid_id) references bid
2024-09-22 00:27:15 - DEBUG - alter table if exists auction add constraint FKde619bqva6ayk5xiea9ly34ot foreign key (highest_bid_id) references bid
2024-09-22 00:27:15 - DEBUG - alter table if exists auction add constraint FKik2rw5as7p6r3y92mlu2hbrrj foreign key (product_id) references product
2024-09-22 00:27:15 - DEBUG - alter table if exists auction add constraint FKik2rw5as7p6r3y92mlu2hbrrj foreign key (product_id) references product
2024-09-22 00:27:15 - DEBUG - alter table if exists auction add constraint FK2mtcu00yheu4tp8amesaadnx6 foreign key (vendor_username) references account
2024-09-22 00:27:15 - DEBUG - alter table if exists auction add constraint FK2mtcu00yheu4tp8amesaadnx6 foreign key (vendor_username) references account
2024-09-22 00:27:15 - DEBUG - alter table if exists auction add constraint FKsta5al7a1e8ac3tq40umvgayx foreign key (winner_username) references account
2024-09-22 00:27:15 - DEBUG - alter table if exists auction add constraint FKsta5al7a1e8ac3tq40umvgayx foreign key (winner_username) references account
2024-09-22 00:27:15 - DEBUG - alter table if exists auction add constraint FKdmky9jrcm4dmo1hol0bk3jn51 foreign key (winning_bid_id) references bid
2024-09-22 00:27:15 - DEBUG - alter table if exists auction add constraint FKdmky9jrcm4dmo1hol0bk3jn51 foreign key (winning_bid_id) references bid
2024-09-22 00:27:15 - DEBUG - alter table if exists auction_registrations add constraint FKc9k5m0kctk23d1awlfl0xpbot foreign key (auction_id) references auction
2024-09-22 00:27:15 - DEBUG - alter table if exists auction_registrations add constraint FKc9k5m0kctk23d1awlfl0xpbot foreign key (auction_id) references auction
2024-09-22 00:27:15 - DEBUG - alter table if exists auction_registrations add constraint FK6evfbitgtwhkpaubsev565mq8 foreign key (user_id) references account
2024-09-22 00:27:15 - DEBUG - alter table if exists auction_registrations add constraint FK6evfbitgtwhkpaubsev565mq8 foreign key (user_id) references account
2024-09-22 00:27:15 - DEBUG - alter table if exists bid add constraint FKhexc6i4j8i0tmpt8bdulp6g3g foreign key (auction_id) references auction
2024-09-22 00:27:15 - DEBUG - alter table if exists bid add constraint FKhexc6i4j8i0tmpt8bdulp6g3g foreign key (auction_id) references auction
2024-09-22 00:27:15 - DEBUG - alter table if exists bid add constraint FKtciblabkllf95aan890hkmft7 foreign key (customer_username) references account
2024-09-22 00:27:15 - DEBUG - alter table if exists bid add constraint FKtciblabkllf95aan890hkmft7 foreign key (customer_username) references account
2024-09-22 00:27:15 - INFO - Initialized JPA EntityManagerFactory for persistence unit 'default'
2024-09-22 00:27:15 - INFO - Hibernate is in classpath; If applicable, HQL parser will be used.
2024-09-22 00:27:15 - WARN - spring.jpa.open-in-view is enabled by default. Therefore, database queries may be performed during view rendering. Explicitly configure spring.jpa.open-in-view to disable this warning
2024-09-22 00:27:16 - INFO - Starting ProtocolHandler ["http-nio-8080"]
2024-09-22 00:27:16 - INFO - Tomcat started on port 8080 (http) with context path '/'
2024-09-22 00:27:16 - INFO - Started ServiceApplication in 2.551 seconds (process running for 2.86)
2024-09-22 00:27:40 - INFO - Closing JPA EntityManagerFactory for persistence unit 'default'
2024-09-22 00:27:40 - INFO - HikariPool-1 - Shutdown initiated...
2024-09-22 00:27:40 - INFO - HikariPool-1 - Shutdown completed.
2024-09-22 00:27:41 - INFO - Starting ServiceApplication using Java 17.0.12 with PID 58044 (/Users/mayankkumar/Downloads/service/build/classes/java/main started by mayankkumar in /Users/mayankkumar/Downloads/service)
2024-09-22 00:27:41 - INFO - No active profile set, falling back to 1 default profile: "default"
2024-09-22 00:27:42 - INFO - Bootstrapping Spring Data JPA repositories in DEFAULT mode.
2024-09-22 00:27:42 - INFO - Finished Spring Data repository scanning in 44 ms. Found 5 JPA repository interfaces.
2024-09-22 00:27:42 - INFO - Tomcat initialized with port 8080 (http)
2024-09-22 00:27:42 - INFO - Initializing ProtocolHandler ["http-nio-8080"]
2024-09-22 00:27:42 - INFO - Starting service [Tomcat]
2024-09-22 00:27:42 - INFO - Starting Servlet engine: [Apache Tomcat/10.1.28]
2024-09-22 00:27:42 - INFO - Initializing Spring embedded WebApplicationContext
2024-09-22 00:27:42 - INFO - Root WebApplicationContext: initialization completed in 679 ms
2024-09-22 00:27:42 - INFO - HikariPool-1 - Starting...
2024-09-22 00:27:42 - INFO - HikariPool-1 - Added connection conn0: url=jdbc:h2:mem:testdb user=SA
2024-09-22 00:27:42 - INFO - HikariPool-1 - Start completed.
2024-09-22 00:27:42 - INFO - H2 console available at '/h2-console'. Database available at 'jdbc:h2:mem:testdb'
2024-09-22 00:27:42 - INFO - HHH000204: Processing PersistenceUnitInfo [name: default]
2024-09-22 00:27:42 - INFO - HHH000412: Hibernate ORM core version 6.5.2.Final
2024-09-22 00:27:42 - INFO - HHH000026: Second-level cache disabled
2024-09-22 00:27:42 - INFO - No LoadTimeWeaver setup: ignoring JPA class transformer
2024-09-22 00:27:43 - INFO - HHH000489: No JTA platform available (set 'hibernate.transaction.jta.platform' to enable JTA platform integration)
2024-09-22 00:27:43 - DEBUG - create table account (account_type varchar(31) not null, username varchar(255) not null, is_logged_in boolean not null, password varchar(255), user_id varchar(255), primary key (username))
2024-09-22 00:27:43 - DEBUG - create table account (account_type varchar(31) not null, username varchar(255) not null, is_logged_in boolean not null, password varchar(255), user_id varchar(255), primary key (username))
2024-09-22 00:27:43 - DEBUG - create table app_users (user_id varchar(255) not null, email varchar(255), mobile_number varchar(255), name varchar(255), primary key (user_id))
2024-09-22 00:27:43 - DEBUG - create table app_users (user_id varchar(255) not null, email varchar(255), mobile_number varchar(255), name varchar(255), primary key (user_id))
2024-09-22 00:27:43 - DEBUG - create table auction (auction_id varchar(255) not null, auction_base_price float(53) not null, auction_status enum ('ACTIVE','CLOSED','SCHEDULED'), end_time timestamp(6), start_time timestamp(6), highest_bid_id varchar(255), product_id varchar(255), vendor_username varchar(255), winner_username varchar(255), winning_bid_id varchar(255), primary key (auction_id))
2024-09-22 00:27:43 - DEBUG - create table auction (auction_id varchar(255) not null, auction_base_price float(53) not null, auction_status enum ('ACTIVE','CLOSED','SCHEDULED'), end_time timestamp(6), start_time timestamp(6), highest_bid_id varchar(255), product_id varchar(255), vendor_username varchar(255), winner_username varchar(255), winning_bid_id varchar(255), primary key (auction_id))
2024-09-22 00:27:43 - DEBUG - create table auction_registrations (id varchar(255) not null, auction_id varchar(255), user_id varchar(255), primary key (id))
2024-09-22 00:27:43 - DEBUG - create table auction_registrations (id varchar(255) not null, auction_id varchar(255), user_id varchar(255), primary key (id))
2024-09-22 00:27:43 - DEBUG - create table bid (bid_id varchar(255) not null, amount float(53) not null, bid_time timestamp(6), auction_id varchar(255), customer_username varchar(255), primary key (bid_id))
2024-09-22 00:27:43 - DEBUG - create table bid (bid_id varchar(255) not null, amount float(53) not null, bid_time timestamp(6), auction_id varchar(255), customer_username varchar(255), primary key (bid_id))
2024-09-22 00:27:43 - DEBUG - create table product (product_id varchar(255) not null, description varchar(255), product_category enum ('ART_SUPPLIES','AUTOMOTIVE','BOOKS','CLOTHING','ELECTRONIC','FURNITURE','HANDBAGS','HOME_APPLIANCES','HOME_GOODS','KITCHENWARE','SHOES','TOOLS','TOYS','WATCHES'), product_name varchar(255), primary key (product_id))
2024-09-22 00:27:43 - DEBUG - create table product (product_id varchar(255) not null, description varchar(255), product_category enum ('ART_SUPPLIES','AUTOMOTIVE','BOOKS','CLOTHING','ELECTRONIC','FURNITURE','HANDBAGS','HOME_APPLIANCES','HOME_GOODS','KITCHENWARE','SHOES','TOOLS','TOYS','WATCHES'), product_name varchar(255), primary key (product_id))
2024-09-22 00:27:43 - DEBUG - alter table if exists account drop constraint if exists UKh6dr47em6vg85yuwt4e2roca4
2024-09-22 00:27:43 - DEBUG - alter table if exists account drop constraint if exists UKh6dr47em6vg85yuwt4e2roca4
2024-09-22 00:27:43 - DEBUG - alter table if exists account add constraint UKh6dr47em6vg85yuwt4e2roca4 unique (user_id)
2024-09-22 00:27:43 - DEBUG - alter table if exists account add constraint UKh6dr47em6vg85yuwt4e2roca4 unique (user_id)
2024-09-22 00:27:43 - DEBUG - alter table if exists app_users drop constraint if exists UK4vj92ux8a2eehds1mdvmks473
2024-09-22 00:27:43 - DEBUG - alter table if exists app_users drop constraint if exists UK4vj92ux8a2eehds1mdvmks473
2024-09-22 00:27:43 - DEBUG - alter table if exists app_users add constraint UK4vj92ux8a2eehds1mdvmks473 unique (email)
2024-09-22 00:27:43 - DEBUG - alter table if exists app_users add constraint UK4vj92ux8a2eehds1mdvmks473 unique (email)
2024-09-22 00:27:43 - DEBUG - alter table if exists auction drop constraint if exists UKa9jsmyqa1r4f1vhyp8sgs3abi
2024-09-22 00:27:43 - DEBUG - alter table if exists auction drop constraint if exists UKa9jsmyqa1r4f1vhyp8sgs3abi
2024-09-22 00:27:43 - DEBUG - alter table if exists auction add constraint UKa9jsmyqa1r4f1vhyp8sgs3abi unique (highest_bid_id)
2024-09-22 00:27:43 - DEBUG - alter table if exists auction add constraint UKa9jsmyqa1r4f1vhyp8sgs3abi unique (highest_bid_id)
2024-09-22 00:27:43 - DEBUG - alter table if exists auction drop constraint if exists UKkofsgcp79eu3d1puixs92584u
2024-09-22 00:27:43 - DEBUG - alter table if exists auction drop constraint if exists UKkofsgcp79eu3d1puixs92584u
2024-09-22 00:27:43 - DEBUG - alter table if exists auction add constraint UKkofsgcp79eu3d1puixs92584u unique (product_id)
2024-09-22 00:27:43 - DEBUG - alter table if exists auction add constraint UKkofsgcp79eu3d1puixs92584u unique (product_id)
2024-09-22 00:27:43 - DEBUG - alter table if exists auction drop constraint if exists UKbvkx7v4g5xf39cf5d6117dfra
2024-09-22 00:27:43 - DEBUG - alter table if exists auction drop constraint if exists UKbvkx7v4g5xf39cf5d6117dfra
2024-09-22 00:27:43 - DEBUG - alter table if exists auction add constraint UKbvkx7v4g5xf39cf5d6117dfra unique (winning_bid_id)
2024-09-22 00:27:43 - DEBUG - alter table if exists auction add constraint UKbvkx7v4g5xf39cf5d6117dfra unique (winning_bid_id)
2024-09-22 00:27:43 - DEBUG - alter table if exists account add constraint FK2w4m118t4qs287y1mnt5r5xli foreign key (user_id) references app_users
2024-09-22 00:27:43 - DEBUG - alter table if exists account add constraint FK2w4m118t4qs287y1mnt5r5xli foreign key (user_id) references app_users
2024-09-22 00:27:43 - DEBUG - alter table if exists auction add constraint FKde619bqva6ayk5xiea9ly34ot foreign key (highest_bid_id) references bid
2024-09-22 00:27:43 - DEBUG - alter table if exists auction add constraint FKde619bqva6ayk5xiea9ly34ot foreign key (highest_bid_id) references bid
2024-09-22 00:27:43 - DEBUG - alter table if exists auction add constraint FKik2rw5as7p6r3y92mlu2hbrrj foreign key (product_id) references product
2024-09-22 00:27:43 - DEBUG - alter table if exists auction add constraint FKik2rw5as7p6r3y92mlu2hbrrj foreign key (product_id) references product
2024-09-22 00:27:43 - DEBUG - alter table if exists auction add constraint FK2mtcu00yheu4tp8amesaadnx6 foreign key (vendor_username) references account
2024-09-22 00:27:43 - DEBUG - alter table if exists auction add constraint FK2mtcu00yheu4tp8amesaadnx6 foreign key (vendor_username) references account
2024-09-22 00:27:43 - DEBUG - alter table if exists auction add constraint FKsta5al7a1e8ac3tq40umvgayx foreign key (winner_username) references account
2024-09-22 00:27:43 - DEBUG - alter table if exists auction add constraint FKsta5al7a1e8ac3tq40umvgayx foreign key (winner_username) references account
2024-09-22 00:27:43 - DEBUG - alter table if exists auction add constraint FKdmky9jrcm4dmo1hol0bk3jn51 foreign key (winning_bid_id) references bid
2024-09-22 00:27:43 - DEBUG - alter table if exists auction add constraint FKdmky9jrcm4dmo1hol0bk3jn51 foreign key (winning_bid_id) references bid
2024-09-22 00:27:43 - DEBUG - alter table if exists auction_registrations add constraint FKc9k5m0kctk23d1awlfl0xpbot foreign key (auction_id) references auction
2024-09-22 00:27:43 - DEBUG - alter table if exists auction_registrations add constraint FKc9k5m0kctk23d1awlfl0xpbot foreign key (auction_id) references auction
2024-09-22 00:27:43 - DEBUG - alter table if exists auction_registrations add constraint FK6evfbitgtwhkpaubsev565mq8 foreign key (user_id) references account
2024-09-22 00:27:43 - DEBUG - alter table if exists auction_registrations add constraint FK6evfbitgtwhkpaubsev565mq8 foreign key (user_id) references account
2024-09-22 00:27:43 - DEBUG - alter table if exists bid add constraint FKhexc6i4j8i0tmpt8bdulp6g3g foreign key (auction_id) references auction
2024-09-22 00:27:43 - DEBUG - alter table if exists bid add constraint FKhexc6i4j8i0tmpt8bdulp6g3g foreign key (auction_id) references auction
2024-09-22 00:27:43 - DEBUG - alter table if exists bid add constraint FKtciblabkllf95aan890hkmft7 foreign key (customer_username) references account
2024-09-22 00:27:43 - DEBUG - alter table if exists bid add constraint FKtciblabkllf95aan890hkmft7 foreign key (customer_username) references account
2024-09-22 00:27:43 - INFO - Initialized JPA EntityManagerFactory for persistence unit 'default'
2024-09-22 00:27:43 - INFO - Hibernate is in classpath; If applicable, HQL parser will be used.
2024-09-22 00:27:44 - WARN - spring.jpa.open-in-view is enabled by default. Therefore, database queries may be performed during view rendering. Explicitly configure spring.jpa.open-in-view to disable this warning
2024-09-22 00:27:44 - INFO - Starting ProtocolHandler ["http-nio-8080"]
2024-09-22 00:27:44 - INFO - Tomcat started on port 8080 (http) with context path '/'
2024-09-22 00:27:44 - INFO - Started ServiceApplication in 2.521 seconds (process running for 2.735)
2024-09-22 00:28:00 - INFO - Triggered closeExpiredAuctions Job at Time: 2024-09-22T00:28:00.010690
2024-09-22 00:28:00 - DEBUG - select a1_0.auction_id,a1_0.auction_base_price,a1_0.auction_status,a1_0.end_time,a1_0.highest_bid_id,a1_0.product_id,a1_0.start_time,a1_0.vendor_username,a1_0.winner_username,a1_0.winning_bid_id from auction a1_0 where a1_0.end_time<? and a1_0.auction_status<>?
2024-09-22 00:28:00 - DEBUG - select a1_0.auction_id,a1_0.auction_base_price,a1_0.auction_status,a1_0.end_time,a1_0.highest_bid_id,a1_0.product_id,a1_0.start_time,a1_0.vendor_username,a1_0.winner_username,a1_0.winning_bid_id from auction a1_0 where a1_0.end_time<? and a1_0.auction_status<>?
2024-09-22 00:29:00 - INFO - Triggered closeExpiredAuctions Job at Time: 2024-09-22T00:29:00.006665
2024-09-22 00:29:00 - DEBUG - select a1_0.auction_id,a1_0.auction_base_price,a1_0.auction_status,a1_0.end_time,a1_0.highest_bid_id,a1_0.product_id,a1_0.start_time,a1_0.vendor_username,a1_0.winner_username,a1_0.winning_bid_id from auction a1_0 where a1_0.end_time<? and a1_0.auction_status<>?
2024-09-22 00:29:00 - DEBUG - select a1_0.auction_id,a1_0.auction_base_price,a1_0.auction_status,a1_0.end_time,a1_0.highest_bid_id,a1_0.product_id,a1_0.start_time,a1_0.vendor_username,a1_0.winner_username,a1_0.winning_bid_id from auction a1_0 where a1_0.end_time<? and a1_0.auction_status<>?
2024-09-22 00:30:00 - INFO - Triggered closeExpiredAuctions Job at Time: 2024-09-22T00:30:00.009015
2024-09-22 00:30:00 - DEBUG - select a1_0.auction_id,a1_0.auction_base_price,a1_0.auction_status,a1_0.end_time,a1_0.highest_bid_id,a1_0.product_id,a1_0.start_time,a1_0.vendor_username,a1_0.winner_username,a1_0.winning_bid_id from auction a1_0 where a1_0.end_time<? and a1_0.auction_status<>?
2024-09-22 00:30:00 - DEBUG - select a1_0.auction_id,a1_0.auction_base_price,a1_0.auction_status,a1_0.end_time,a1_0.highest_bid_id,a1_0.product_id,a1_0.start_time,a1_0.vendor_username,a1_0.winner_username,a1_0.winning_bid_id from auction a1_0 where a1_0.end_time<? and a1_0.auction_status<>?
2024-09-22 00:30:06 - INFO - Closing JPA EntityManagerFactory for persistence unit 'default'
2024-09-22 00:30:06 - INFO - HikariPool-1 - Shutdown initiated...
2024-09-22 00:30:06 - INFO - HikariPool-1 - Shutdown completed.
2024-09-22 00:30:07 - INFO - Starting ServiceApplication using Java 17.0.12 with PID 59071 (/Users/mayankkumar/Downloads/service/build/classes/java/main started by mayankkumar in /Users/mayankkumar/Downloads/service)
2024-09-22 00:30:07 - INFO - No active profile set, falling back to 1 default profile: "default"
2024-09-22 00:30:07 - INFO - Bootstrapping Spring Data JPA repositories in DEFAULT mode.
2024-09-22 00:30:07 - INFO - Finished Spring Data repository scanning in 43 ms. Found 5 JPA repository interfaces.
2024-09-22 00:30:08 - INFO - Tomcat initialized with port 8080 (http)
2024-09-22 00:30:08 - INFO - Initializing ProtocolHandler ["http-nio-8080"]
2024-09-22 00:30:08 - INFO - Starting service [Tomcat]
2024-09-22 00:30:08 - INFO - Starting Servlet engine: [Apache Tomcat/10.1.28]
2024-09-22 00:30:08 - INFO - Initializing Spring embedded WebApplicationContext
2024-09-22 00:30:08 - INFO - Root WebApplicationContext: initialization completed in 707 ms
2024-09-22 00:30:08 - INFO - HikariPool-1 - Starting...
2024-09-22 00:30:08 - INFO - HikariPool-1 - Added connection conn0: url=jdbc:h2:mem:testdb user=SA
2024-09-22 00:30:08 - INFO - HikariPool-1 - Start completed.
2024-09-22 00:30:08 - INFO - H2 console available at '/h2-console'. Database available at 'jdbc:h2:mem:testdb'
2024-09-22 00:30:08 - INFO - HHH000204: Processing PersistenceUnitInfo [name: default]
2024-09-22 00:30:08 - INFO - HHH000412: Hibernate ORM core version 6.5.2.Final
2024-09-22 00:30:08 - INFO - HHH000026: Second-level cache disabled
2024-09-22 00:30:08 - INFO - No LoadTimeWeaver setup: ignoring JPA class transformer
2024-09-22 00:30:09 - INFO - HHH000489: No JTA platform available (set 'hibernate.transaction.jta.platform' to enable JTA platform integration)
2024-09-22 00:30:09 - INFO - Initialized JPA EntityManagerFactory for persistence unit 'default'
2024-09-22 00:30:09 - INFO - Hibernate is in classpath; If applicable, HQL parser will be used.
2024-09-22 00:30:09 - WARN - spring.jpa.open-in-view is enabled by default. Therefore, database queries may be performed during view rendering. Explicitly configure spring.jpa.open-in-view to disable this warning
2024-09-22 00:30:09 - INFO - Starting ProtocolHandler ["http-nio-8080"]
2024-09-22 00:30:09 - INFO - Tomcat started on port 8080 (http) with context path '/'
2024-09-22 00:30:09 - INFO - Started ServiceApplication in 2.641 seconds (process running for 2.866)
2024-09-22 00:30:27 - INFO - Closing JPA EntityManagerFactory for persistence unit 'default'
2024-09-22 00:30:27 - INFO - HikariPool-1 - Shutdown initiated...
2024-09-22 00:30:27 - INFO - HikariPool-1 - Shutdown completed.
